Building DAG of jobs...
Using shell: /bin/bash
Provided cores: 1 (use --cores to define parallelism)
Rules claiming more threads will be scaled down.
Singularity containers: ignored
Job stats:
job      count    min threads    max threads
-----  -------  -------------  -------------
trim         1              1              1
total        1              1              1

Select jobs to execute...

[Thu Aug  4 10:01:52 2022]
rule trim:
    input: data/1_control_18S_2019_minq7.fastq
    output: output/010_process/1_control_18S_2019_minq7.r1.fastq.gz
    log: output/logs/trim.1_control_18S_2019_minq7.log
    jobid: 0
    reason: Missing output files: output/010_process/1_control_18S_2019_minq7.r1.fastq.gz
    resources: tmpdir=/var/folders/26/6wkc1f6x0mbd5_mbn818q3fw0000gn/T, time=59, mem_mb=10000

[Thu Aug  4 10:01:52 2022]
Error in rule trim:
    jobid: 0
    output: output/010_process/1_control_18S_2019_minq7.r1.fastq.gz
    log: output/logs/trim.1_control_18S_2019_minq7.log (check log file(s) for error message)
    shell:
        bbduk.sh -Xmx10000m zl=9 in=data/1_control_18S_2019_minq7.fastq out=output/010_process/1_control_18S_2019_minq7.r1.fastq.gz ktrim=r k=23 mink=11 hdist=1 tpe tbo qtrim=r trimq=15 &> output/logs/trim.1_control_18S_2019_minq7.log
        (one of the commands exited with non-zero exit code; note that snakemake uses bash strict mode!)

Shutting down, this might take some time.
Exiting because a job execution failed. Look above for error message
Complete log: .snakemake/log/2022-08-04T100152.103464.snakemake.log
